<?xml version="1.0" encoding="UTF-8"?>
<testsuite xmlns:xsi="http://www.w3.org/2001/XMLSchema-instance" xsi:noNamespaceSchemaLocation="https://maven.apache.org/surefire/maven-surefire-plugin/xsd/surefire-test-report-3.0.xsd" version="3.0" name="com.sateekot.codereview.CodeReviewApplicationTests" time="2.258" tests="1" errors="0" skipped="0" failures="0">
  <properties>
[...]
</properties>
  <testcase name="contextLoads" classname="com.sateekot.codereview.CodeReviewApplicationTests" time="0.757">
    <system-out><![CDATA[16:12:46.543 [main] INFO org.springframework.test.context.support.AnnotationConfigContextLoaderUtils -- Could not detect default configuration classes for test class [com.sateekot.codereview.CodeReviewApplicationTests]: CodeReviewApplicationTests does not declare any static, non-private, non-final, nested classes annotated with @Configuration.
16:12:46.625 [main] INFO org.springframework.boot.test.context.SpringBootTestContextBootstrapper -- Found @SpringBootConfiguration com.sateekot.codereview.CodeReviewApplication for test class com.sateekot.codereview.CodeReviewApplicationTests

  .   ____          _            __ _ _
 /\\ / ___'_ __ _ _(_)_ __  __ _ \ \ \ \
( ( )\___ | '_ | '_| | '_ \/ _` | \ \ \ \
 \\/  ___)| |_)| | | | | || (_| |  ) ) ) )
  '  |____| .__|_| |_|_| |_\__, | / / / /
 =========|_|==============|___/=/_/_/_/
 :: Spring Boot ::                (v3.2.0)

2025-09-04T16:12:46.937+02:00  INFO 52340 --- [code-review] [           main] c.s.c.CodeReviewApplicationTests         : Starting CodeReviewApplicationTests using Java 17.0.1 with PID 52340 (started by skota1 in C:\Users\skota1\AppData\Local\Temp\pr-9716233141138123226110)
2025-09-04T16:12:46.938+02:00  INFO 52340 --- [code-review] [           main] c.s.c.CodeReviewApplicationTests         : No active profile set, falling back to 1 default profile: "default"
2025-09-04T16:12:47.907+02:00  INFO 52340 --- [code-review] [           main] c.s.c.CodeReviewApplicationTests         : Started CodeReviewApplicationTests in 1.172 seconds (process running for 1.963)
]]></system-out>
  </testcase>
</testsuite>